07-28 11:24:45 com_github_MitjaNemec_ReplicateLayout.action_replicate_layout 409:Plugin executed on: 'win32'
07-28 11:24:45 com_github_MitjaNemec_ReplicateLayout.action_replicate_layout 410:Plugin executed with python version: '3.11.5 (main, Jun 15 2025, 06:45:45) [MSC v.1942 64 bit (AMD64)]'
07-28 11:24:45 com_github_MitjaNemec_ReplicateLayout.action_replicate_layout 411:KiCad build version: 9.0.3
07-28 11:24:45 com_github_MitjaNemec_ReplicateLayout.action_replicate_layout 412:Plugin version: 4.0.3
07-28 11:24:45 com_github_MitjaNemec_ReplicateLayout.action_replicate_layout 413:Frame repr: <wx._core.Frame object at 0x000002208B0A7640>
07-28 11:24:45 com_github_MitjaNemec_ReplicateLayout.action_replicate_layout 437:Preparing replicator with U6 as a reference
07-28 11:24:45 com_github_MitjaNemec_ReplicateLayout.replicate_layout 117:getting a list of all footprints on board
07-28 11:24:45 com_github_MitjaNemec_ReplicateLayout.action_replicate_layout 485:source anchor footprint is 'U6'
Located on: ['/NIVARA_BOARD/', '/NIVARA_BOARD/PNP_IN/']
With filenames: ['NIVARA_BOARD.kicad_sch', 'PNP_IN.kicad_sch']
With sheet_id:['/NIVARA_BOARD/', '/NIVARA_BOARD/PNP_IN/']
07-28 11:24:45 com_github_MitjaNemec_ReplicateLayout.action_replicate_layout 492:Corresponding footprints are 
[('U6', ['/NIVARA_BOARD/', '/NIVARA_BOARD/PNP_IN/'])]
07-28 11:24:45 com_github_MitjaNemec_ReplicateLayout.action_replicate_layout 504:Showing dialog
07-28 11:24:45 com_github_MitjaNemec_ReplicateLayout.replicate_layout 472:constructing a list of sheets suitable for replication on level:'/NIVARA_BOARD/PNP_IN/', file:'PNP_IN.kicad_sch'
07-28 11:24:45 com_github_MitjaNemec_ReplicateLayout.replicate_layout 509:suitable sheets are:[]
07-28 11:24:46 com_github_MitjaNemec_ReplicateLayout.replicate_layout 1512:Level selected: ['/NIVARA_BOARD/', '/NIVARA_BOARD/PNP_IN/']
07-28 11:24:46 com_github_MitjaNemec_ReplicateLayout.replicate_layout 1336:Filtering list of tracks
07-28 11:24:46 com_github_MitjaNemec_ReplicateLayout.action_replicate_layout 510:Toolbar position: wx.Point(3819, 85)
07-28 11:24:46 com_github_MitjaNemec_ReplicateLayout.action_replicate_layout 515:Dialog position: wx.Point(3380, 85)
07-28 11:25:00 com_github_MitjaNemec_ReplicateLayout.action_replicate_layout 329:User canceled the dialog
